<?xml version="1.0" encoding="UTF-8"?>
<testsuite xmlns:xsi="http://www.w3.org/2001/XMLSchema-instance" xsi:noNamespaceSchemaLocation="https://maven.apache.org/surefire/maven-surefire-plugin/xsd/surefire-test-report.xsd" name="com.arvind.robotfactory.RobotFactoryTest" time="3.518" tests="6" errors="0" skipped="0" failures="0">
  <properties>
[...]
</properties>
  <testcase name="testCase1_InvalidInput" classname="com.arvind.robotfactory.RobotFactoryTest" time="0.424"/>
  <testcase name="testCase2_BadRequest" classname="com.arvind.robotfactory.RobotFactoryTest" time="0.016"/>
  <testcase name="testCase3_CorrectOrderCreation1" classname="com.arvind.robotfactory.RobotFactoryTest" time="0.198"/>
  <testcase name="testCase4_SuccessfulOrderCreation2" classname="com.arvind.robotfactory.RobotFactoryTest" time="0"/>
  <testcase name="testCase5_SuccessfulOrderCreation3" classname="com.arvind.robotfactory.RobotFactoryTest" time="0"/>
  <testcase name="testCase6_OrderCreationFailure1" classname="com.arvind.robotfactory.RobotFactoryTest" time="0"/>
</testsuite>